<?xml version="1.0" encoding="UTF-8"?>
<robot generator="Robot 5.0 (Python 3.8.3 on win32)" generated="20220422 18:15:32.475" rpa="false" schemaversion="3">
<suite id="s1" name="Harman" source="G:\SocialMediaApp_Automation\Tests\SMA\FunctionalTestSuite\harman.robot">
<test id="s1-t1" name="signup test case" line="10">
<kw name="Open Browser" library="SeleniumLibrary">
<arg>${url}</arg>
<arg>chrome</arg>
<doc>Opens a new browser instance to the optional ``url``.</doc>
<msg timestamp="20220422 18:15:32.923" level="INFO">Opening browser 'chrome' to base url 'http://127.0.0.1:5000/'.</msg>
<status status="PASS" starttime="20220422 18:15:32.923" endtime="20220422 18:15:38.660"/>
</kw>
<kw name="Maximize Browser Window" library="SeleniumLibrary">
<doc>Maximizes current browser window.</doc>
<status status="PASS" starttime="20220422 18:15:38.673" endtime="20220422 18:15:38.846"/>
</kw>
<kw name="Sleep" library="BuiltIn">
<arg>2s</arg>
<doc>Pauses the test executed for the given time.</doc>
<msg timestamp="20220422 18:15:40.857" level="INFO">Slept 2 seconds</msg>
<status status="PASS" starttime="20220422 18:15:38.849" endtime="20220422 18:15:40.857"/>
</kw>
<kw name="Click Element" library="SeleniumLibrary">
<arg>xpath=/html/body/div[2]/div[1]/div/p/a</arg>
<doc>Click the element identified by ``locator``.</doc>
<msg timestamp="20220422 18:15:40.858" level="INFO">Clicking element 'xpath=/html/body/div[2]/div[1]/div/p/a'.</msg>
<status status="PASS" starttime="20220422 18:15:40.857" endtime="20220422 18:15:41.211"/>
</kw>
<kw name="Sleep" library="BuiltIn">
<arg>2s</arg>
<doc>Pauses the test executed for the given time.</doc>
<msg timestamp="20220422 18:15:43.218" level="INFO">Slept 2 seconds</msg>
<status status="PASS" starttime="20220422 18:15:41.211" endtime="20220422 18:15:43.218"/>
</kw>
<kw name="Input Text" library="SeleniumLibrary">
<arg>name:name</arg>
<arg>Tapan</arg>
<doc>Types the given ``text`` into the text field identified by ``locator``.</doc>
<msg timestamp="20220422 18:15:43.218" level="INFO">Typing text 'Tapan' into text field 'name:name'.</msg>
<status status="PASS" starttime="20220422 18:15:43.218" endtime="20220422 18:15:43.329"/>
</kw>
<kw name="Sleep" library="BuiltIn">
<arg>2s</arg>
<doc>Pauses the test executed for the given time.</doc>
<msg timestamp="20220422 18:15:45.342" level="INFO">Slept 2 seconds</msg>
<status status="PASS" starttime="20220422 18:15:43.331" endtime="20220422 18:15:45.342"/>
</kw>
<kw name="Input Text" library="SeleniumLibrary">
<arg>name:username</arg>
<arg>tapan____45</arg>
<doc>Types the given ``text`` into the text field identified by ``locator``.</doc>
<msg timestamp="20220422 18:15:45.359" level="INFO">Typing text 'tapan____45' into text field 'name:username'.</msg>
<status status="PASS" starttime="20220422 18:15:45.357" endtime="20220422 18:15:45.524"/>
</kw>
<kw name="Sleep" library="BuiltIn">
<arg>2s</arg>
<doc>Pauses the test executed for the given time.</doc>
<msg timestamp="20220422 18:15:47.540" level="INFO">Slept 2 seconds</msg>
<status status="PASS" starttime="20220422 18:15:45.535" endtime="20220422 18:15:47.540"/>
</kw>
<kw name="Input Text" library="SeleniumLibrary">
<arg>name:email</arg>
<arg>tapansawant456@gmail.com</arg>
<doc>Types the given ``text`` into the text field identified by ``locator``.</doc>
<msg timestamp="20220422 18:15:47.540" level="INFO">Typing text 'tapansawant456@gmail.com' into text field 'name:email'.</msg>
<status status="PASS" starttime="20220422 18:15:47.540" endtime="20220422 18:15:47.661"/>
</kw>
<kw name="Sleep" library="BuiltIn">
<arg>2s</arg>
<doc>Pauses the test executed for the given time.</doc>
<msg timestamp="20220422 18:15:49.670" level="INFO">Slept 2 seconds</msg>
<status status="PASS" starttime="20220422 18:15:47.662" endtime="20220422 18:15:49.670"/>
</kw>
<kw name="Input Text" library="SeleniumLibrary">
<arg>name:pswd</arg>
<arg>123</arg>
<doc>Types the given ``text`` into the text field identified by ``locator``.</doc>
<msg timestamp="20220422 18:15:49.671" level="INFO">Typing text '123' into text field 'name:pswd'.</msg>
<status status="PASS" starttime="20220422 18:15:49.671" endtime="20220422 18:15:49.801"/>
</kw>
<kw name="Sleep" library="BuiltIn">
<arg>2s</arg>
<doc>Pauses the test executed for the given time.</doc>
<msg timestamp="20220422 18:15:51.809" level="INFO">Slept 2 seconds</msg>
<status status="PASS" starttime="20220422 18:15:49.802" endtime="20220422 18:15:51.809"/>
</kw>
<kw name="Execute Javascript" library="SeleniumLibrary">
<arg>window.scrollTo(0, document.body.scrollHeight)</arg>
<doc>Executes the given JavaScript code with possible arguments.</doc>
<msg timestamp="20220422 18:15:51.809" level="INFO">Executing JavaScript:
window.scrollTo(0, document.body.scrollHeight)
Without any arguments.</msg>
<status status="PASS" starttime="20220422 18:15:51.809" endtime="20220422 18:15:51.812"/>
</kw>
<kw name="Sleep" library="BuiltIn">
<arg>2s</arg>
<doc>Pauses the test executed for the given time.</doc>
<msg timestamp="20220422 18:15:53.817" level="INFO">Slept 2 seconds</msg>
<status status="PASS" starttime="20220422 18:15:51.812" endtime="20220422 18:15:53.817"/>
</kw>
<kw name="Execute Javascript" library="SeleniumLibrary">
<arg>window.scrollTo(document.body.scrollHeight,0)</arg>
<doc>Executes the given JavaScript code with possible arguments.</doc>
<msg timestamp="20220422 18:15:53.817" level="INFO">Executing JavaScript:
window.scrollTo(document.body.scrollHeight,0)
Without any arguments.</msg>
<status status="PASS" starttime="20220422 18:15:53.817" endtime="20220422 18:15:53.820"/>
</kw>
<kw name="Sleep" library="BuiltIn">
<arg>2s</arg>
<doc>Pauses the test executed for the given time.</doc>
<msg timestamp="20220422 18:15:55.829" level="INFO">Slept 2 seconds</msg>
<status status="PASS" starttime="20220422 18:15:53.820" endtime="20220422 18:15:55.829"/>
</kw>
<kw name="Click Element" library="SeleniumLibrary">
<arg>xpath=/html/body/div[2]/div[1]/div/form/input[5]</arg>
<doc>Click the element identified by ``locator``.</doc>
<msg timestamp="20220422 18:15:55.829" level="INFO">Clicking element 'xpath=/html/body/div[2]/div[1]/div/form/input[5]'.</msg>
<status status="PASS" starttime="20220422 18:15:55.829" endtime="20220422 18:15:56.184"/>
</kw>
<kw name="Sleep" library="BuiltIn">
<arg>3s</arg>
<doc>Pauses the test executed for the given time.</doc>
<msg timestamp="20220422 18:15:59.187" level="INFO">Slept 3 seconds</msg>
<status status="PASS" starttime="20220422 18:15:56.185" endtime="20220422 18:15:59.187"/>
</kw>
<doc>Filling register page</doc>
<tag>Harman Stories</tag>
<status status="PASS" starttime="20220422 18:15:32.922" endtime="20220422 18:15:59.188"/>
</test>
<test id="s1-t2" name="Login test case" line="35">
<kw name="Click Button" library="SeleniumLibrary">
<arg>xpath=/html/body/div[1]/button</arg>
<doc>Clicks the button identified by ``locator``.</doc>
<msg timestamp="20220422 18:15:59.193" level="INFO">Clicking button 'xpath=/html/body/div[1]/button'.</msg>
<status status="PASS" starttime="20220422 18:15:59.192" endtime="20220422 18:15:59.276"/>
</kw>
<kw name="Sleep" library="BuiltIn">
<arg>1s</arg>
<doc>Pauses the test executed for the given time.</doc>
<msg timestamp="20220422 18:16:00.282" level="INFO">Slept 1 second</msg>
<status status="PASS" starttime="20220422 18:15:59.276" endtime="20220422 18:16:00.282"/>
</kw>
<kw name="Input Text" library="SeleniumLibrary">
<arg>name:email</arg>
<arg>tapansawant456@gmail.com</arg>
<doc>Types the given ``text`` into the text field identified by ``locator``.</doc>
<msg timestamp="20220422 18:16:00.283" level="INFO">Typing text 'tapansawant456@gmail.com' into text field 'name:email'.</msg>
<status status="PASS" starttime="20220422 18:16:00.283" endtime="20220422 18:16:00.385"/>
</kw>
<kw name="Sleep" library="BuiltIn">
<arg>2s</arg>
<doc>Pauses the test executed for the given time.</doc>
<msg timestamp="20220422 18:16:02.387" level="INFO">Slept 2 seconds</msg>
<status status="PASS" starttime="20220422 18:16:00.385" endtime="20220422 18:16:02.387"/>
</kw>
<kw name="Input Text" library="SeleniumLibrary">
<arg>name:pswd</arg>
<arg>123</arg>
<doc>Types the given ``text`` into the text field identified by ``locator``.</doc>
<msg timestamp="20220422 18:16:02.388" level="INFO">Typing text '123' into text field 'name:pswd'.</msg>
<status status="PASS" starttime="20220422 18:16:02.388" endtime="20220422 18:16:02.486"/>
</kw>
<kw name="Sleep" library="BuiltIn">
<arg>2s</arg>
<doc>Pauses the test executed for the given time.</doc>
<msg timestamp="20220422 18:16:04.499" level="INFO">Slept 2 seconds</msg>
<status status="PASS" starttime="20220422 18:16:02.487" endtime="20220422 18:16:04.499"/>
</kw>
<kw name="Click Element" library="SeleniumLibrary">
<arg>xpath=/html/body/div[2]/div[1]/div/form/input[3]</arg>
<doc>Click the element identified by ``locator``.</doc>
<msg timestamp="20220422 18:16:04.500" level="INFO">Clicking element 'xpath=/html/body/div[2]/div[1]/div/form/input[3]'.</msg>
<status status="PASS" starttime="20220422 18:16:04.500" endtime="20220422 18:16:04.954"/>
</kw>
<kw name="Sleep" library="BuiltIn">
<arg>2s</arg>
<doc>Pauses the test executed for the given time.</doc>
<msg timestamp="20220422 18:16:06.960" level="INFO">Slept 2 seconds</msg>
<status status="PASS" starttime="20220422 18:16:04.956" endtime="20220422 18:16:06.960"/>
</kw>
<doc>Sign in</doc>
<tag>Harman Stories</tag>
<status status="PASS" starttime="20220422 18:15:59.190" endtime="20220422 18:16:06.960"/>
</test>
<test id="s1-t3" name="home page test case" line="48">
<kw name="Click Button" library="SeleniumLibrary">
<arg>xpath=/html/body/div[1]/button</arg>
<doc>Clicks the button identified by ``locator``.</doc>
<msg timestamp="20220422 18:16:06.965" level="INFO">Clicking button 'xpath=/html/body/div[1]/button'.</msg>
<status status="PASS" starttime="20220422 18:16:06.965" endtime="20220422 18:16:07.040"/>
</kw>
<kw name="Sleep" library="BuiltIn">
<arg>2s</arg>
<doc>Pauses the test executed for the given time.</doc>
<msg timestamp="20220422 18:16:09.045" level="INFO">Slept 2 seconds</msg>
<status status="PASS" starttime="20220422 18:16:07.041" endtime="20220422 18:16:09.045"/>
</kw>
<kw name="Execute Javascript" library="SeleniumLibrary">
<arg>window.scrollTo(0, document.body.scrollHeight)</arg>
<doc>Executes the given JavaScript code with possible arguments.</doc>
<msg timestamp="20220422 18:16:09.045" level="INFO">Executing JavaScript:
window.scrollTo(0, document.body.scrollHeight)
Without any arguments.</msg>
<status status="PASS" starttime="20220422 18:16:09.045" endtime="20220422 18:16:09.054"/>
</kw>
<kw name="Sleep" library="BuiltIn">
<arg>2s</arg>
<doc>Pauses the test executed for the given time.</doc>
<msg timestamp="20220422 18:16:11.067" level="INFO">Slept 2 seconds</msg>
<status status="PASS" starttime="20220422 18:16:09.056" endtime="20220422 18:16:11.068"/>
</kw>
<kw name="Execute Javascript" library="SeleniumLibrary">
<arg>window.scrollTo(document.body.scrollHeight,0)</arg>
<doc>Executes the given JavaScript code with possible arguments.</doc>
<msg timestamp="20220422 18:16:11.069" level="INFO">Executing JavaScript:
window.scrollTo(document.body.scrollHeight,0)
Without any arguments.</msg>
<status status="PASS" starttime="20220422 18:16:11.068" endtime="20220422 18:16:11.076"/>
</kw>
<kw name="Sleep" library="BuiltIn">
<arg>2s</arg>
<doc>Pauses the test executed for the given time.</doc>
<msg timestamp="20220422 18:16:13.078" level="INFO">Slept 2 seconds</msg>
<status status="PASS" starttime="20220422 18:16:11.076" endtime="20220422 18:16:13.078"/>
</kw>
<doc>navigating home</doc>
<tag>Harman Stories</tag>
<status status="PASS" starttime="20220422 18:16:06.963" endtime="20220422 18:16:13.079"/>
</test>
<test id="s1-t4" name="Create Post test case" line="59">
<kw name="Input Text" library="SeleniumLibrary">
<arg>name:text</arg>
<arg>Ooo Sheth....</arg>
<doc>Types the given ``text`` into the text field identified by ``locator``.</doc>
<msg timestamp="20220422 18:16:13.083" level="INFO">Typing text 'Ooo Sheth....' into text field 'name:text'.</msg>
<status status="PASS" starttime="20220422 18:16:13.083" endtime="20220422 18:16:13.193"/>
</kw>
<kw name="Sleep" library="BuiltIn">
<arg>1s</arg>
<doc>Pauses the test executed for the given time.</doc>
<msg timestamp="20220422 18:16:14.206" level="INFO">Slept 1 second</msg>
<status status="PASS" starttime="20220422 18:16:13.193" endtime="20220422 18:16:14.207"/>
</kw>
<kw name="Choose File" library="SeleniumLibrary">
<arg>id=fileToUpload</arg>
<arg>C://Users/Tapan/Desktop/shethmanus.jpg</arg>
<doc>Inputs the ``file_path`` into the file input field ``locator``.</doc>
<msg timestamp="20220422 18:16:14.209" level="INFO">Sending C:\Users\Tapan\Desktop\shethmanus.jpg to browser.</msg>
<status status="PASS" starttime="20220422 18:16:14.208" endtime="20220422 18:16:14.271"/>
</kw>
<kw name="Sleep" library="BuiltIn">
<arg>1s</arg>
<doc>Pauses the test executed for the given time.</doc>
<msg timestamp="20220422 18:16:15.282" level="INFO">Slept 1 second</msg>
<status status="PASS" starttime="20220422 18:16:14.271" endtime="20220422 18:16:15.282"/>
</kw>
<kw name="Click Button" library="SeleniumLibrary">
<arg>xpath=/html/body/div/div[2]/div[1]/div[2]/form/div/button</arg>
<doc>Clicks the button identified by ``locator``.</doc>
<msg timestamp="20220422 18:16:15.282" level="INFO">Clicking button 'xpath=/html/body/div/div[2]/div[1]/div[2]/form/div/button'.</msg>
<status status="PASS" starttime="20220422 18:16:15.282" endtime="20220422 18:16:15.663"/>
</kw>
<kw name="Sleep" library="BuiltIn">
<arg>3s</arg>
<doc>Pauses the test executed for the given time.</doc>
<msg timestamp="20220422 18:16:18.676" level="INFO">Slept 3 seconds</msg>
<status status="PASS" starttime="20220422 18:16:15.663" endtime="20220422 18:16:18.676"/>
</kw>
<kw name="Click Button" library="SeleniumLibrary">
<arg>xpath=/html/body/div[1]/button</arg>
<doc>Clicks the button identified by ``locator``.</doc>
<msg timestamp="20220422 18:16:18.676" level="INFO">Clicking button 'xpath=/html/body/div[1]/button'.</msg>
<status status="PASS" starttime="20220422 18:16:18.676" endtime="20220422 18:16:18.739"/>
</kw>
<kw name="Sleep" library="BuiltIn">
<arg>1s</arg>
<doc>Pauses the test executed for the given time.</doc>
<msg timestamp="20220422 18:16:19.756" level="INFO">Slept 1 second</msg>
<status status="PASS" starttime="20220422 18:16:18.740" endtime="20220422 18:16:19.756"/>
</kw>
<kw name="Execute Javascript" library="SeleniumLibrary">
<arg>window.scrollTo(0, document.body.scrollHeight)</arg>
<doc>Executes the given JavaScript code with possible arguments.</doc>
<msg timestamp="20220422 18:16:19.759" level="INFO">Executing JavaScript:
window.scrollTo(0, document.body.scrollHeight)
Without any arguments.</msg>
<status status="PASS" starttime="20220422 18:16:19.757" endtime="20220422 18:16:19.767"/>
</kw>
<kw name="Sleep" library="BuiltIn">
<arg>5s</arg>
<doc>Pauses the test executed for the given time.</doc>
<msg timestamp="20220422 18:16:24.767" level="INFO">Slept 5 seconds</msg>
<status status="PASS" starttime="20220422 18:16:19.767" endtime="20220422 18:16:24.767"/>
</kw>
<kw name="Execute Javascript" library="SeleniumLibrary">
<arg>window.scrollTo(document.body.scrollHeight,0)</arg>
<doc>Executes the given JavaScript code with possible arguments.</doc>
<msg timestamp="20220422 18:16:24.770" level="INFO">Executing JavaScript:
window.scrollTo(document.body.scrollHeight,0)
Without any arguments.</msg>
<status status="PASS" starttime="20220422 18:16:24.769" endtime="20220422 18:16:24.784"/>
</kw>
<kw name="Sleep" library="BuiltIn">
<arg>5s</arg>
<doc>Pauses the test executed for the given time.</doc>
<msg timestamp="20220422 18:16:29.799" level="INFO">Slept 5 seconds</msg>
<status status="PASS" starttime="20220422 18:16:24.785" endtime="20220422 18:16:29.799"/>
</kw>
<doc>Creating post</doc>
<tag>Harman Stories</tag>
<status status="PASS" starttime="20220422 18:16:13.081" endtime="20220422 18:16:29.800"/>
</test>
<test id="s1-t5" name="Check my Profile and edit profile test case" line="76">
<kw name="Click Element" library="SeleniumLibrary">
<arg>xpath=/html/body/nav/div/div/div/a[3]</arg>
<doc>Click the element identified by ``locator``.</doc>
<msg timestamp="20220422 18:16:29.805" level="INFO">Clicking element 'xpath=/html/body/nav/div/div/div/a[3]'.</msg>
<status status="PASS" starttime="20220422 18:16:29.804" endtime="20220422 18:16:30.009"/>
</kw>
<kw name="Sleep" library="BuiltIn">
<arg>5s</arg>
<doc>Pauses the test executed for the given time.</doc>
<msg timestamp="20220422 18:16:35.011" level="INFO">Slept 5 seconds</msg>
<status status="PASS" starttime="20220422 18:16:30.010" endtime="20220422 18:16:35.011"/>
</kw>
<kw name="Click Button" library="SeleniumLibrary">
<arg>xpath=/html/body/div/div/div/div[2]/div[1]/button</arg>
<doc>Clicks the button identified by ``locator``.</doc>
<msg timestamp="20220422 18:16:35.014" level="INFO">Clicking button 'xpath=/html/body/div/div/div/div[2]/div[1]/button'.</msg>
<status status="PASS" starttime="20220422 18:16:35.013" endtime="20220422 18:16:35.137"/>
</kw>
<kw name="Sleep" library="BuiltIn">
<arg>3s</arg>
<doc>Pauses the test executed for the given time.</doc>
<msg timestamp="20220422 18:16:38.150" level="INFO">Slept 3 seconds</msg>
<status status="PASS" starttime="20220422 18:16:35.137" endtime="20220422 18:16:38.150"/>
</kw>
<kw name="Input Text" library="SeleniumLibrary">
<arg>name:Name</arg>
<arg>Tapan Sawant</arg>
<doc>Types the given ``text`` into the text field identified by ``locator``.</doc>
<msg timestamp="20220422 18:16:38.150" level="INFO">Typing text 'Tapan Sawant' into text field 'name:Name'.</msg>
<status status="PASS" starttime="20220422 18:16:38.150" endtime="20220422 18:16:38.321"/>
</kw>
<kw name="Sleep" library="BuiltIn">
<arg>1s</arg>
<doc>Pauses the test executed for the given time.</doc>
<msg timestamp="20220422 18:16:39.321" level="INFO">Slept 1 second</msg>
<status status="PASS" starttime="20220422 18:16:38.321" endtime="20220422 18:16:39.321"/>
</kw>
<kw name="Input Text" library="SeleniumLibrary">
<arg>name:email</arg>
<arg>tapansawant45@gmail.com</arg>
<doc>Types the given ``text`` into the text field identified by ``locator``.</doc>
<msg timestamp="20220422 18:16:39.323" level="INFO">Typing text 'tapansawant45@gmail.com' into text field 'name:email'.</msg>
<status status="PASS" starttime="20220422 18:16:39.322" endtime="20220422 18:16:39.467"/>
</kw>
<kw name="Sleep" library="BuiltIn">
<arg>1s</arg>
<doc>Pauses the test executed for the given time.</doc>
<msg timestamp="20220422 18:16:40.480" level="INFO">Slept 1 second</msg>
<status status="PASS" starttime="20220422 18:16:39.467" endtime="20220422 18:16:40.480"/>
</kw>
<kw name="Input Text" library="SeleniumLibrary">
<arg>name:username</arg>
<arg>tapan____45</arg>
<doc>Types the given ``text`` into the text field identified by ``locator``.</doc>
<msg timestamp="20220422 18:16:40.481" level="INFO">Typing text 'tapan____45' into text field 'name:username'.</msg>
<status status="PASS" starttime="20220422 18:16:40.481" endtime="20220422 18:16:40.577"/>
</kw>
<kw name="Sleep" library="BuiltIn">
<arg>1s</arg>
<doc>Pauses the test executed for the given time.</doc>
<msg timestamp="20220422 18:16:41.583" level="INFO">Slept 1 second</msg>
<status status="PASS" starttime="20220422 18:16:40.577" endtime="20220422 18:16:41.584"/>
</kw>
<kw name="Input Text" library="SeleniumLibrary">
<arg>name:dob</arg>
<arg>2122000</arg>
<doc>Types the given ``text`` into the text field identified by ``locator``.</doc>
<msg timestamp="20220422 18:16:41.586" level="INFO">Typing text '2122000' into text field 'name:dob'.</msg>
<status status="PASS" starttime="20220422 18:16:41.585" endtime="20220422 18:16:41.702"/>
</kw>
<kw name="Sleep" library="BuiltIn">
<arg>1s</arg>
<doc>Pauses the test executed for the given time.</doc>
<msg timestamp="20220422 18:16:42.705" level="INFO">Slept 1 second</msg>
<status status="PASS" starttime="20220422 18:16:41.702" endtime="20220422 18:16:42.705"/>
</kw>
<kw name="Choose File" library="SeleniumLibrary">
<arg>id=fileToUpload</arg>
<arg>C://Users/Tapan/Desktop/Resume/RT987558.jpg</arg>
<doc>Inputs the ``file_path`` into the file input field ``locator``.</doc>
<msg timestamp="20220422 18:16:42.706" level="INFO">Sending C:\Users\Tapan\Desktop\Resume\RT987558.jpg to browser.</msg>
<status status="PASS" starttime="20220422 18:16:42.706" endtime="20220422 18:16:42.757"/>
</kw>
<kw name="Sleep" library="BuiltIn">
<arg>1s</arg>
<doc>Pauses the test executed for the given time.</doc>
<msg timestamp="20220422 18:16:43.773" level="INFO">Slept 1 second</msg>
<status status="PASS" starttime="20220422 18:16:42.758" endtime="20220422 18:16:43.773"/>
</kw>
<kw name="Click Button" library="SeleniumLibrary">
<arg>xpath=/html/body/div/div/div/div[2]/div[1]/div[3]/form/div/button</arg>
<doc>Clicks the button identified by ``locator``.</doc>
<msg timestamp="20220422 18:16:43.773" level="INFO">Clicking button 'xpath=/html/body/div/div/div/div[2]/div[1]/div[3]/form/div/button'.</msg>
<status status="PASS" starttime="20220422 18:16:43.773" endtime="20220422 18:16:45.019"/>
</kw>
<kw name="Sleep" library="BuiltIn">
<arg>5s</arg>
<doc>Pauses the test executed for the given time.</doc>
<msg timestamp="20220422 18:16:50.023" level="INFO">Slept 5 seconds</msg>
<status status="PASS" starttime="20220422 18:16:45.019" endtime="20220422 18:16:50.023"/>
</kw>
<kw name="Click Element" library="SeleniumLibrary">
<arg>xpath=/html/body/nav/div/div/div/a[2]</arg>
<doc>Click the element identified by ``locator``.</doc>
<msg timestamp="20220422 18:16:50.024" level="INFO">Clicking element 'xpath=/html/body/nav/div/div/div/a[2]'.</msg>
<status status="PASS" starttime="20220422 18:16:50.024" endtime="20220422 18:16:50.264"/>
</kw>
<kw name="Sleep" library="BuiltIn">
<arg>3s</arg>
<doc>Pauses the test executed for the given time.</doc>
<msg timestamp="20220422 18:16:53.274" level="INFO">Slept 3 seconds</msg>
<status status="PASS" starttime="20220422 18:16:50.265" endtime="20220422 18:16:53.274"/>
</kw>
<doc>Checking profile and editing</doc>
<tag>Harman Stories</tag>
<status status="PASS" starttime="20220422 18:16:29.803" endtime="20220422 18:16:53.274"/>
</test>
<test id="s1-t6" name="Like and Comment test case" line="99">
<kw name="Execute Javascript" library="SeleniumLibrary">
<arg>window.scrollTo(0, document.body.scrollHeight)</arg>
<doc>Executes the given JavaScript code with possible arguments.</doc>
<msg timestamp="20220422 18:16:53.279" level="INFO">Executing JavaScript:
window.scrollTo(0, document.body.scrollHeight)
Without any arguments.</msg>
<status status="PASS" starttime="20220422 18:16:53.279" endtime="20220422 18:16:53.290"/>
</kw>
<kw name="Sleep" library="BuiltIn">
<arg>3s</arg>
<doc>Pauses the test executed for the given time.</doc>
<msg timestamp="20220422 18:16:56.301" level="INFO">Slept 3 seconds</msg>
<status status="PASS" starttime="20220422 18:16:53.291" endtime="20220422 18:16:56.301"/>
</kw>
<kw name="Click Element" library="SeleniumLibrary">
<arg>xpath=/html/body/div/div[2]/div[5]/div[2]/div/div[1]/a</arg>
<doc>Click the element identified by ``locator``.</doc>
<msg timestamp="20220422 18:16:56.302" level="INFO">Clicking element 'xpath=/html/body/div/div[2]/div[5]/div[2]/div/div[1]/a'.</msg>
<status status="PASS" starttime="20220422 18:16:56.301" endtime="20220422 18:16:56.680"/>
</kw>
<kw name="Sleep" library="BuiltIn">
<arg>3s</arg>
<doc>Pauses the test executed for the given time.</doc>
<msg timestamp="20220422 18:16:59.688" level="INFO">Slept 3 seconds</msg>
<status status="PASS" starttime="20220422 18:16:56.680" endtime="20220422 18:16:59.688"/>
</kw>
<kw name="Execute Javascript" library="SeleniumLibrary">
<arg>window.scrollTo(0, document.body.scrollHeight)</arg>
<doc>Executes the given JavaScript code with possible arguments.</doc>
<msg timestamp="20220422 18:16:59.690" level="INFO">Executing JavaScript:
window.scrollTo(0, document.body.scrollHeight)
Without any arguments.</msg>
<status status="PASS" starttime="20220422 18:16:59.689" endtime="20220422 18:16:59.699"/>
</kw>
<kw name="Sleep" library="BuiltIn">
<arg>3s</arg>
<doc>Pauses the test executed for the given time.</doc>
<msg timestamp="20220422 18:17:02.811" level="INFO">Slept 3 seconds</msg>
<status status="PASS" starttime="20220422 18:16:59.802" endtime="20220422 18:17:02.811"/>
</kw>
<kw name="Click Element" library="SeleniumLibrary">
<arg>xpath=/html/body/div/div[2]/div[5]/div[2]/div/div[2]/a</arg>
<doc>Click the element identified by ``locator``.</doc>
<msg timestamp="20220422 18:17:02.811" level="INFO">Clicking element 'xpath=/html/body/div/div[2]/div[5]/div[2]/div/div[2]/a'.</msg>
<status status="PASS" starttime="20220422 18:17:02.811" endtime="20220422 18:17:03.024"/>
</kw>
<kw name="Sleep" library="BuiltIn">
<arg>3s</arg>
<doc>Pauses the test executed for the given time.</doc>
<msg timestamp="20220422 18:17:06.034" level="INFO">Slept 3 seconds</msg>
<status status="PASS" starttime="20220422 18:17:03.024" endtime="20220422 18:17:06.034"/>
</kw>
<kw name="Input Text" library="SeleniumLibrary">
<arg>name:text</arg>
<arg>Comment keli hoooo</arg>
<doc>Types the given ``text`` into the text field identified by ``locator``.</doc>
<msg timestamp="20220422 18:17:06.036" level="INFO">Typing text 'Comment keli hoooo' into text field 'name:text'.</msg>
<status status="PASS" starttime="20220422 18:17:06.035" endtime="20220422 18:17:06.200"/>
</kw>
<kw name="Sleep" library="BuiltIn">
<arg>2s</arg>
<doc>Pauses the test executed for the given time.</doc>
<msg timestamp="20220422 18:17:08.214" level="INFO">Slept 2 seconds</msg>
<status status="PASS" starttime="20220422 18:17:06.200" endtime="20220422 18:17:08.215"/>
</kw>
<kw name="Click Button" library="SeleniumLibrary">
<arg>xpath=/html/body/div/form/div/button</arg>
<doc>Clicks the button identified by ``locator``.</doc>
<msg timestamp="20220422 18:17:08.217" level="INFO">Clicking button 'xpath=/html/body/div/form/div/button'.</msg>
<status status="PASS" starttime="20220422 18:17:08.216" endtime="20220422 18:17:08.621"/>
</kw>
<kw name="Sleep" library="BuiltIn">
<arg>3s</arg>
<doc>Pauses the test executed for the given time.</doc>
<msg timestamp="20220422 18:17:11.627" level="INFO">Slept 3 seconds</msg>
<status status="PASS" starttime="20220422 18:17:08.622" endtime="20220422 18:17:11.627"/>
</kw>
<kw name="Click Button" library="SeleniumLibrary">
<arg>xpath=/html/body/div[1]/button</arg>
<doc>Clicks the button identified by ``locator``.</doc>
<msg timestamp="20220422 18:17:11.629" level="INFO">Clicking button 'xpath=/html/body/div[1]/button'.</msg>
<status status="PASS" starttime="20220422 18:17:11.628" endtime="20220422 18:17:11.756"/>
</kw>
<kw name="Sleep" library="BuiltIn">
<arg>3s</arg>
<doc>Pauses the test executed for the given time.</doc>
<msg timestamp="20220422 18:17:14.770" level="INFO">Slept 3 seconds</msg>
<status status="PASS" starttime="20220422 18:17:11.757" endtime="20220422 18:17:14.770"/>
</kw>
<kw name="Execute Javascript" library="SeleniumLibrary">
<arg>window.scrollTo(0, document.body.scrollHeight)</arg>
<doc>Executes the given JavaScript code with possible arguments.</doc>
<msg timestamp="20220422 18:17:14.772" level="INFO">Executing JavaScript:
window.scrollTo(0, document.body.scrollHeight)
Without any arguments.</msg>
<status status="PASS" starttime="20220422 18:17:14.772" endtime="20220422 18:17:14.790"/>
</kw>
<kw name="Sleep" library="BuiltIn">
<arg>3s</arg>
<doc>Pauses the test executed for the given time.</doc>
<msg timestamp="20220422 18:17:17.810" level="INFO">Slept 3 seconds</msg>
<status status="PASS" starttime="20220422 18:17:14.790" endtime="20220422 18:17:17.810"/>
</kw>
<kw name="Click Element" library="SeleniumLibrary">
<arg>xpath=/html/body/div/div[2]/div[5]/div[2]/div/div[3]/a</arg>
<doc>Click the element identified by ``locator``.</doc>
<msg timestamp="20220422 18:17:17.810" level="INFO">Clicking element 'xpath=/html/body/div/div[2]/div[5]/div[2]/div/div[3]/a'.</msg>
<status status="PASS" starttime="20220422 18:17:17.810" endtime="20220422 18:17:18.125"/>
</kw>
<kw name="Sleep" library="BuiltIn">
<arg>3s</arg>
<doc>Pauses the test executed for the given time.</doc>
<msg timestamp="20220422 18:17:21.130" level="INFO">Slept 3 seconds</msg>
<status status="PASS" starttime="20220422 18:17:18.126" endtime="20220422 18:17:21.130"/>
</kw>
<kw name="Click Element" library="SeleniumLibrary">
<arg>xpath=/html/body/nav/div/div/div/a[2]</arg>
<doc>Click the element identified by ``locator``.</doc>
<msg timestamp="20220422 18:17:21.130" level="INFO">Clicking element 'xpath=/html/body/nav/div/div/div/a[2]'.</msg>
<status status="PASS" starttime="20220422 18:17:21.130" endtime="20220422 18:17:21.330"/>
</kw>
<kw name="Sleep" library="BuiltIn">
<arg>2s</arg>
<doc>Pauses the test executed for the given time.</doc>
<msg timestamp="20220422 18:17:23.330" level="INFO">Slept 2 seconds</msg>
<status status="PASS" starttime="20220422 18:17:21.330" endtime="20220422 18:17:23.330"/>
</kw>
<doc>Like and Comment</doc>
<tag>Harman Stories</tag>
<status status="PASS" starttime="20220422 18:16:53.274" endtime="20220422 18:17:23.330"/>
</test>
<test id="s1-t7" name="check my post test case" line="123">
<kw name="Click Element" library="SeleniumLibrary">
<arg>xpath=/html/body/nav/div/div/div/a[4]</arg>
<doc>Click the element identified by ``locator``.</doc>
<msg timestamp="20220422 18:17:23.330" level="INFO">Clicking element 'xpath=/html/body/nav/div/div/div/a[4]'.</msg>
<status status="PASS" starttime="20220422 18:17:23.330" endtime="20220422 18:17:23.601"/>
</kw>
<kw name="Sleep" library="BuiltIn">
<arg>3s</arg>
<doc>Pauses the test executed for the given time.</doc>
<msg timestamp="20220422 18:17:26.608" level="INFO">Slept 3 seconds</msg>
<status status="PASS" starttime="20220422 18:17:23.602" endtime="20220422 18:17:26.608"/>
</kw>
<kw name="Click Element" library="SeleniumLibrary">
<arg>xpath=/html/body/nav/div/div/div/a[2]</arg>
<doc>Click the element identified by ``locator``.</doc>
<msg timestamp="20220422 18:17:26.610" level="INFO">Clicking element 'xpath=/html/body/nav/div/div/div/a[2]'.</msg>
<status status="PASS" starttime="20220422 18:17:26.610" endtime="20220422 18:17:26.818"/>
</kw>
<kw name="Sleep" library="BuiltIn">
<arg>2s</arg>
<doc>Pauses the test executed for the given time.</doc>
<msg timestamp="20220422 18:17:28.821" level="INFO">Slept 2 seconds</msg>
<status status="PASS" starttime="20220422 18:17:26.819" endtime="20220422 18:17:28.822"/>
</kw>
<doc>check my post</doc>
<tag>Harman Stories</tag>
<status status="PASS" starttime="20220422 18:17:23.330" endtime="20220422 18:17:28.823"/>
</test>
<test id="s1-t8" name="check friends and there profile test case" line="131">
<kw name="Click Element" library="SeleniumLibrary">
<arg>xpath=/html/body/div/div[1]/div/a[2]</arg>
<doc>Click the element identified by ``locator``.</doc>
<msg timestamp="20220422 18:17:28.832" level="INFO">Clicking element 'xpath=/html/body/div/div[1]/div/a[2]'.</msg>
<status status="PASS" starttime="20220422 18:17:28.831" endtime="20220422 18:17:28.969"/>
</kw>
<kw name="Sleep" library="BuiltIn">
<arg>3s</arg>
<doc>Pauses the test executed for the given time.</doc>
<msg timestamp="20220422 18:17:31.972" level="INFO">Slept 3 seconds</msg>
<status status="PASS" starttime="20220422 18:17:28.970" endtime="20220422 18:17:31.972"/>
</kw>
<kw name="Click Element" library="SeleniumLibrary">
<arg>xpath=/html/body/div/div/div/div/div/a</arg>
<doc>Click the element identified by ``locator``.</doc>
<msg timestamp="20220422 18:17:31.975" level="INFO">Clicking element 'xpath=/html/body/div/div/div/div/div/a'.</msg>
<status status="PASS" starttime="20220422 18:17:31.974" endtime="20220422 18:17:32.203"/>
</kw>
<kw name="Sleep" library="BuiltIn">
<arg>5s</arg>
<doc>Pauses the test executed for the given time.</doc>
<msg timestamp="20220422 18:17:37.213" level="INFO">Slept 5 seconds</msg>
<status status="PASS" starttime="20220422 18:17:32.203" endtime="20220422 18:17:37.213"/>
</kw>
<kw name="Click Element" library="SeleniumLibrary">
<arg>xpath=/html/body/nav/div/div/div/a[2]</arg>
<doc>Click the element identified by ``locator``.</doc>
<msg timestamp="20220422 18:17:37.313" level="INFO">Clicking element 'xpath=/html/body/nav/div/div/div/a[2]'.</msg>
<status status="PASS" starttime="20220422 18:17:37.214" endtime="20220422 18:17:37.495"/>
</kw>
<kw name="Sleep" library="BuiltIn">
<arg>3s</arg>
<doc>Pauses the test executed for the given time.</doc>
<msg timestamp="20220422 18:17:40.505" level="INFO">Slept 3 seconds</msg>
<status status="PASS" starttime="20220422 18:17:37.496" endtime="20220422 18:17:40.506"/>
</kw>
<doc>check Friends and profile</doc>
<tag>Harman Stories</tag>
<status status="PASS" starttime="20220422 18:17:28.828" endtime="20220422 18:17:40.507"/>
</test>
<test id="s1-t9" name="chat with friends test case" line="142">
<kw name="Click Element" library="SeleniumLibrary">
<arg>xpath=/html/body/nav/div/div/div/a[5]</arg>
<doc>Click the element identified by ``locator``.</doc>
<msg timestamp="20220422 18:17:40.515" level="INFO">Clicking element 'xpath=/html/body/nav/div/div/div/a[5]'.</msg>
<status status="PASS" starttime="20220422 18:17:40.514" endtime="20220422 18:17:45.636"/>
</kw>
<kw name="Sleep" library="BuiltIn">
<arg>2s</arg>
<doc>Pauses the test executed for the given time.</doc>
<msg timestamp="20220422 18:17:47.640" level="INFO">Slept 2 seconds</msg>
<status status="PASS" starttime="20220422 18:17:45.637" endtime="20220422 18:17:47.640"/>
</kw>
<kw name="Input Text" library="SeleniumLibrary">
<arg>class:username</arg>
<arg>tapan_45</arg>
<doc>Types the given ``text`` into the text field identified by ``locator``.</doc>
<msg timestamp="20220422 18:17:47.643" level="INFO">Typing text 'tapan_45' into text field 'class:username'.</msg>
<status status="PASS" starttime="20220422 18:17:47.641" endtime="20220422 18:17:47.774"/>
</kw>
<kw name="Input Text" library="SeleniumLibrary">
<arg>class:message</arg>
<arg>hii</arg>
<doc>Types the given ``text`` into the text field identified by ``locator``.</doc>
<msg timestamp="20220422 18:17:47.775" level="INFO">Typing text 'hii' into text field 'class:message'.</msg>
<status status="PASS" starttime="20220422 18:17:47.775" endtime="20220422 18:17:47.859"/>
</kw>
<kw name="Click Button" library="SeleniumLibrary">
<arg>xpath=/html/body/div/div/div/form/input[3]</arg>
<doc>Clicks the button identified by ``locator``.</doc>
<msg timestamp="20220422 18:17:47.859" level="INFO">Clicking button 'xpath=/html/body/div/div/div/form/input[3]'.</msg>
<status status="PASS" starttime="20220422 18:17:47.859" endtime="20220422 18:17:47.916"/>
</kw>
<kw name="Sleep" library="BuiltIn">
<arg>1s</arg>
<doc>Pauses the test executed for the given time.</doc>
<msg timestamp="20220422 18:17:48.927" level="INFO">Slept 1 second</msg>
<status status="PASS" starttime="20220422 18:17:47.916" endtime="20220422 18:17:48.927"/>
</kw>
<kw name="Input Text" library="SeleniumLibrary">
<arg>class:username</arg>
<arg>tapan_45</arg>
<doc>Types the given ``text`` into the text field identified by ``locator``.</doc>
<msg timestamp="20220422 18:17:48.930" level="INFO">Typing text 'tapan_45' into text field 'class:username'.</msg>
<status status="PASS" starttime="20220422 18:17:48.929" endtime="20220422 18:17:49.032"/>
</kw>
<kw name="Input Text" library="SeleniumLibrary">
<arg>class:message</arg>
<arg>heyy</arg>
<doc>Types the given ``text`` into the text field identified by ``locator``.</doc>
<msg timestamp="20220422 18:17:49.033" level="INFO">Typing text 'heyy' into text field 'class:message'.</msg>
<status status="PASS" starttime="20220422 18:17:49.033" endtime="20220422 18:17:49.118"/>
</kw>
<kw name="Click Button" library="SeleniumLibrary">
<arg>xpath=/html/body/div/div/div/form/input[3]</arg>
<doc>Clicks the button identified by ``locator``.</doc>
<msg timestamp="20220422 18:17:49.119" level="INFO">Clicking button 'xpath=/html/body/div/div/div/form/input[3]'.</msg>
<status status="PASS" starttime="20220422 18:17:49.119" endtime="20220422 18:17:49.163"/>
</kw>
<kw name="Sleep" library="BuiltIn">
<arg>1s</arg>
<doc>Pauses the test executed for the given time.</doc>
<msg timestamp="20220422 18:17:50.170" level="INFO">Slept 1 second</msg>
<status status="PASS" starttime="20220422 18:17:49.163" endtime="20220422 18:17:50.170"/>
</kw>
<kw name="Click Element" library="SeleniumLibrary">
<arg>xpath=/html/body/nav/div/div/div/a[2]</arg>
<doc>Click the element identified by ``locator``.</doc>
<msg timestamp="20220422 18:17:50.179" level="INFO">Clicking element 'xpath=/html/body/nav/div/div/div/a[2]'.</msg>
<status status="PASS" starttime="20220422 18:17:50.176" endtime="20220422 18:17:51.488"/>
</kw>
<kw name="Sleep" library="BuiltIn">
<arg>3s</arg>
<doc>Pauses the test executed for the given time.</doc>
<msg timestamp="20220422 18:17:54.495" level="INFO">Slept 3 seconds</msg>
<status status="PASS" starttime="20220422 18:17:51.488" endtime="20220422 18:17:54.495"/>
</kw>
<doc>chatting</doc>
<tag>Harman Stories</tag>
<status status="PASS" starttime="20220422 18:17:40.511" endtime="20220422 18:17:54.495"/>
</test>
<test id="s1-t10" name="Delete post test case" line="158">
<kw name="Execute Javascript" library="SeleniumLibrary">
<arg>window.scrollTo(0, document.body.scrollHeight)</arg>
<doc>Executes the given JavaScript code with possible arguments.</doc>
<msg timestamp="20220422 18:17:54.500" level="INFO">Executing JavaScript:
window.scrollTo(0, document.body.scrollHeight)
Without any arguments.</msg>
<status status="PASS" starttime="20220422 18:17:54.500" endtime="20220422 18:17:54.520"/>
</kw>
<kw name="Sleep" library="BuiltIn">
<arg>3s</arg>
<doc>Pauses the test executed for the given time.</doc>
<msg timestamp="20220422 18:17:57.530" level="INFO">Slept 3 seconds</msg>
<status status="PASS" starttime="20220422 18:17:54.520" endtime="20220422 18:17:57.530"/>
</kw>
<kw name="Click Button" library="SeleniumLibrary">
<arg>xpath=/html/body/div/div[2]/div[5]/div[2]/div/div[4]/div/button</arg>
<doc>Clicks the button identified by ``locator``.</doc>
<msg timestamp="20220422 18:17:57.531" level="INFO">Clicking button 'xpath=/html/body/div/div[2]/div[5]/div[2]/div/div[4]/div/button'.</msg>
<status status="PASS" starttime="20220422 18:17:57.530" endtime="20220422 18:17:57.625"/>
</kw>
<kw name="Sleep" library="BuiltIn">
<arg>1s</arg>
<doc>Pauses the test executed for the given time.</doc>
<msg timestamp="20220422 18:17:58.640" level="INFO">Slept 1 second</msg>
<status status="PASS" starttime="20220422 18:17:57.625" endtime="20220422 18:17:58.640"/>
</kw>
<kw name="Click Element" library="SeleniumLibrary">
<arg>xpath=/html/body/div/div[2]/div[5]/div[2]/div/div[4]/div/ul/li/a[2]</arg>
<doc>Click the element identified by ``locator``.</doc>
<msg timestamp="20220422 18:17:58.640" level="INFO">Clicking element 'xpath=/html/body/div/div[2]/div[5]/div[2]/div/div[4]/div/ul/li/a[2]'.</msg>
<status status="PASS" starttime="20220422 18:17:58.640" endtime="20220422 18:17:59.120"/>
</kw>
<kw name="Sleep" library="BuiltIn">
<arg>3s</arg>
<doc>Pauses the test executed for the given time.</doc>
<msg timestamp="20220422 18:18:02.129" level="INFO">Slept 3 seconds</msg>
<status status="PASS" starttime="20220422 18:17:59.120" endtime="20220422 18:18:02.130"/>
</kw>
<kw name="Execute Javascript" library="SeleniumLibrary">
<arg>window.scrollTo(0, document.body.scrollHeight)</arg>
<doc>Executes the given JavaScript code with possible arguments.</doc>
<msg timestamp="20220422 18:18:02.133" level="INFO">Executing JavaScript:
window.scrollTo(0, document.body.scrollHeight)
Without any arguments.</msg>
<status status="PASS" starttime="20220422 18:18:02.131" endtime="20220422 18:18:02.146"/>
</kw>
<kw name="Sleep" library="BuiltIn">
<arg>4s</arg>
<doc>Pauses the test executed for the given time.</doc>
<msg timestamp="20220422 18:18:06.161" level="INFO">Slept 4 seconds</msg>
<status status="PASS" starttime="20220422 18:18:02.146" endtime="20220422 18:18:06.162"/>
</kw>
<kw name="Execute Javascript" library="SeleniumLibrary">
<arg>window.scrollTo(document.body.scrollHeight, 0)</arg>
<doc>Executes the given JavaScript code with possible arguments.</doc>
<msg timestamp="20220422 18:18:06.165" level="INFO">Executing JavaScript:
window.scrollTo(document.body.scrollHeight, 0)
Without any arguments.</msg>
<status status="PASS" starttime="20220422 18:18:06.163" endtime="20220422 18:18:06.179"/>
</kw>
<kw name="Sleep" library="BuiltIn">
<arg>4s</arg>
<doc>Pauses the test executed for the given time.</doc>
<msg timestamp="20220422 18:18:10.190" level="INFO">Slept 4 seconds</msg>
<status status="PASS" starttime="20220422 18:18:06.181" endtime="20220422 18:18:10.190"/>
</kw>
<doc>deleting</doc>
<tag>Harman Stories</tag>
<status status="PASS" starttime="20220422 18:17:54.500" endtime="20220422 18:18:10.190"/>
</test>
<test id="s1-t11" name="Log out test case" line="172">
<kw name="Click Element" library="SeleniumLibrary">
<arg>xpath=/html/body/nav/div/div/div/a[6]</arg>
<doc>Click the element identified by ``locator``.</doc>
<msg timestamp="20220422 18:18:10.200" level="INFO">Clicking element 'xpath=/html/body/nav/div/div/div/a[6]'.</msg>
<status status="PASS" starttime="20220422 18:18:10.190" endtime="20220422 18:18:10.364"/>
</kw>
<kw name="Sleep" library="BuiltIn">
<arg>3s</arg>
<doc>Pauses the test executed for the given time.</doc>
<msg timestamp="20220422 18:18:13.376" level="INFO">Slept 3 seconds</msg>
<status status="PASS" starttime="20220422 18:18:10.364" endtime="20220422 18:18:13.376"/>
</kw>
<kw name="Close Browser" library="SeleniumLibrary">
<doc>Closes the current browser.</doc>
<status status="PASS" starttime="20220422 18:18:13.376" endtime="20220422 18:18:15.606"/>
</kw>
<doc>logging out</doc>
<tag>Harman Stories</tag>
<status status="PASS" starttime="20220422 18:18:10.190" endtime="20220422 18:18:15.607"/>
</test>
<status status="PASS" starttime="20220422 18:15:32.479" endtime="20220422 18:18:15.609"/>
</suite>
<statistics>
<total>
<stat pass="11" fail="0" skip="0">All Tests</stat>
</total>
<tag>
<stat pass="11" fail="0" skip="0">Harman Stories</stat>
</tag>
<suite>
<stat pass="11" fail="0" skip="0" id="s1" name="Harman">Harman</stat>
</suite>
</statistics>
<errors>
</errors>
</robot>
